info it worked if it ends with ok
verbose cli [ 'node', '/usr/bin/npm', '-g', 'install', 'instant-markdown-d' ]
info using npm@1.1.4
info using node@v0.6.12
verbose config file /home/claire/.npmrc
verbose config file /usr/etc/npmrc
verbose config file /usr/share/npm/npmrc
silly exec /usr/bin/node "/usr/share/npm/bin/npm-get-uid-gid.js" "nobody" 1000
silly spawning [ '/usr/bin/node',
silly spawning   [ '/usr/share/npm/bin/npm-get-uid-gid.js', 'nobody', 1000 ],
silly spawning   null ]
silly output from getuid/gid {"uid":65534,"gid":1000}
silly output from getuid/gid 
verbose cache add [ 'instant-markdown-d', null ]
silly cache add: name, spec, args [ undefined,
silly cache add: name, spec, args   'instant-markdown-d',
silly cache add: name, spec, args   [ 'instant-markdown-d', null ] ]
verbose parsed url { pathname: 'instant-markdown-d',
verbose parsed url   path: 'instant-markdown-d',
verbose parsed url   href: 'instant-markdown-d' }
verbose addNamed [ 'instant-markdown-d', '' ]
verbose addNamed [ null, '' ]
silly name, range, hasData [ 'instant-markdown-d', '', false ]
verbose raw, before any munging instant-markdown-d
verbose url resolving [ 'https://registry.npmjs.org/', './instant-markdown-d' ]
verbose url resolved https://registry.npmjs.org/instant-markdown-d
http GET https://registry.npmjs.org/instant-markdown-d
ERR! Error: failed to fetch from registry: instant-markdown-d
ERR!     at /usr/share/npm/lib/utils/npm-registry-client/get.js:139:12
ERR!     at cb (/usr/share/npm/lib/utils/npm-registry-client/request.js:31:9)
ERR!     at Request._callback (/usr/share/npm/lib/utils/npm-registry-client/request.js:136:18)
ERR!     at Request.callback (/usr/lib/nodejs/request/main.js:119:22)
ERR!     at Request.<anonymous> (/usr/lib/nodejs/request/main.js:212:58)
ERR!     at Request.emit (events.js:88:20)
ERR!     at ClientRequest.<anonymous> (/usr/lib/nodejs/request/main.js:412:12)
ERR!     at ClientRequest.emit (events.js:67:17)
ERR!     at HTTPParser.onIncoming (http.js:1261:11)
ERR!     at HTTPParser.onHeadersComplete (http.js:102:31)
ERR! You may report this log at:
ERR!     <http://bugs.debian.org/npm>
ERR! or use
ERR!     reportbug --attach /home/claire/dotfiles/vi/npm-debug.log npm
ERR! 
ERR! System Linux 3.2.0-35-generic-pae
ERR! command "node" "/usr/bin/npm" "-g" "install" "instant-markdown-d"
ERR! cwd /home/claire/dotfiles/vi
ERR! node -v v0.6.12
ERR! npm -v 1.1.4
ERR! message failed to fetch from registry: instant-markdown-d
verbose exit [ 1, true ]
